2012-12-12 21:24:30	Undefined variable: gsgs	C:\xampp\htdocs\Relief2\system\Relief.php	94	8
2012-12-12 21:24:30	Undefined variable: gsgs	C:\xampp\htdocs\Relief2\system\Relief.php	94	8
2012-12-12 21:24:30	Undefined variable: gsgs	C:\xampp\htdocs\Relief2\system\Relief.php	94	8
2012-12-12 21:24:30	Undefined variable: gsgs	C:\xampp\htdocs\Relief2\system\Relief.php	94	8
2012-12-12 21:24:30	Undefined variable: gsgs	C:\xampp\htdocs\Relief2\system\Relief.php	94	8
2012-12-12 21:24:30	Undefined variable: gsgs	C:\xampp\htdocs\Relief2\system\Relief.php	94	8
2012-12-12 21:24:30	Undefined variable: gsgs	C:\xampp\htdocs\Relief2\system\Relief.php	94	8
2012-12-12 21:24:31	Undefined variable: gsgs	C:\xampp\htdocs\Relief2\system\Relief.php	94	8
2012-12-12 21:26:46	Controller not exist.
2012-12-12 21:26:46	Controller not exist.	C:\xampp\htdocs\Relief2\system\Relief.php	104	1
2012-12-12 21:26:50	Controller not exist.
2012-12-12 21:26:50	Controller not exist.	C:\xampp\htdocs\Relief2\system\Relief.php	104	1
2012-12-12 21:26:59	Method not exist.
2012-12-12 21:26:59	Method not exist.	C:\xampp\htdocs\Relief2\system\Relief.php	129	1
2012-12-12 21:40:15	Connection not exist
2012-12-12 21:40:15	Connection not exist.	C:\xampp\htdocs\Relief2\system\Classes\CDatabase.php	74	1
2012-12-12 21:41:26	Database connection failed (1).
2012-12-12 21:41:27	Database connection failed (2).
2012-12-12 21:41:28	Database connection failed (3).
2012-12-12 21:41:28	Database connection failed.	C:\xampp\htdocs\Relief2\system\Classes\CDatabase.php	54	1
